{"level":"info","message":"sucessfully get all categories","service":"kine_milk_server","timestamp":"2025-03-04T13:19:16.651Z"}
{"level":"info","message":"sucessfully get all categories","service":"kine_milk_server","timestamp":"2025-03-04T13:19:16.676Z"}
{"level":"info","message":"sucessfully get all categories","service":"kine_milk_server","timestamp":"2025-03-05T04:11:16.298Z"}
{"level":"info","message":"sucessfully get all categories","service":"kine_milk_server","timestamp":"2025-03-05T04:11:16.327Z"}
{"level":"info","message":"sucessfully get all categories","service":"kine_milk_server","timestamp":"2025-03-05T04:11:28.446Z"}
{"level":"info","message":"sucessfully get all categories","service":"kine_milk_server","timestamp":"2025-03-05T04:11:28.480Z"}
{"level":"info","message":"sucessfully get all categories","service":"kine_milk_server","timestamp":"2025-03-05T04:14:31.481Z"}
{"level":"info","message":"sucessfully get all categories","service":"kine_milk_server","timestamp":"2025-03-05T04:14:31.533Z"}
{"level":"info","message":"sucessfully get all categories","service":"kine_milk_server","timestamp":"2025-03-05T04:14:55.189Z"}
{"level":"info","message":"sucessfully get all categories","service":"kine_milk_server","timestamp":"2025-03-05T04:14:55.243Z"}
{"level":"info","message":"sucessfully get all categories","service":"kine_milk_server","timestamp":"2025-03-05T04:15:17.597Z"}
{"level":"info","message":"sucessfully get all categories","service":"kine_milk_server","timestamp":"2025-03-05T04:15:17.644Z"}
{"level":"info","message":"sucessfully get all categories","service":"kine_milk_server","timestamp":"2025-03-05T04:15:30.829Z"}
{"level":"info","message":"sucessfully get all categories","service":"kine_milk_server","timestamp":"2025-03-05T04:15:30.883Z"}
{"level":"info","message":"sucessfully get all categories","service":"kine_milk_server","timestamp":"2025-03-05T04:16:41.777Z"}
{"level":"info","message":"sucessfully get all categories","service":"kine_milk_server","timestamp":"2025-03-05T04:16:49.992Z"}
{"level":"info","message":"sucessfully get all categories","service":"kine_milk_server","timestamp":"2025-03-05T04:16:50.022Z"}
{"level":"info","message":"sucessfully get all categories","service":"kine_milk_server","timestamp":"2025-03-05T04:18:52.005Z"}
{"level":"info","message":"sucessfully get all categories","service":"kine_milk_server","timestamp":"2025-03-05T04:18:52.030Z"}
{"level":"info","message":"sucessfully get all categories","service":"kine_milk_server","timestamp":"2025-03-05T04:20:45.094Z"}
{"level":"info","message":"sucessfully get all categories","service":"kine_milk_server","timestamp":"2025-03-05T04:20:47.586Z"}
{"level":"info","message":"sucessfully get all categories","service":"kine_milk_server","timestamp":"2025-03-05T04:20:47.617Z"}
{"level":"info","message":"sucessfully get all categories","service":"kine_milk_server","timestamp":"2025-03-05T04:21:00.422Z"}
{"level":"info","message":"sucessfully get all categories","service":"kine_milk_server","timestamp":"2025-03-05T04:21:00.468Z"}
{"level":"info","message":"sucessfully get all categories","service":"kine_milk_server","timestamp":"2025-03-05T04:29:24.519Z"}
{"level":"info","message":"sucessfully get all categories","service":"kine_milk_server","timestamp":"2025-03-05T04:29:24.564Z"}
{"level":"info","message":"sucessfully get all categories","service":"kine_milk_server","timestamp":"2025-03-05T04:38:10.303Z"}
{"level":"info","message":"sucessfully get all categories","service":"kine_milk_server","timestamp":"2025-03-05T04:38:10.367Z"}
{"level":"info","message":"Store Soft Deleted","service":"kine_milk_server","timestamp":"2025-03-05T04:39:10.829Z"}
{"level":"info","message":"Store Soft Deleted","service":"kine_milk_server","timestamp":"2025-03-05T04:39:21.948Z"}
{"level":"info","message":"Store Soft Deleted","service":"kine_milk_server","timestamp":"2025-03-05T04:39:30.223Z"}
{"level":"info","message":"Store Soft Deleted","service":"kine_milk_server","timestamp":"2025-03-05T04:39:38.981Z"}
{"level":"info","message":"Store Soft Deleted","service":"kine_milk_server","timestamp":"2025-03-05T04:39:41.936Z"}
{"level":"info","message":"sucessfully get all categories","service":"kine_milk_server","timestamp":"2025-03-05T04:39:58.076Z"}
{"level":"info","message":"sucessfully get all categories","service":"kine_milk_server","timestamp":"2025-03-05T04:39:58.122Z"}
{"level":"info","message":"sucessfully get all categories","service":"kine_milk_server","timestamp":"2025-03-05T04:42:57.476Z"}
{"level":"info","message":"sucessfully get all categories","service":"kine_milk_server","timestamp":"2025-03-05T04:42:57.531Z"}
{"level":"info","message":"sucessfully get all categories","service":"kine_milk_server","timestamp":"2025-03-05T04:44:00.676Z"}
{"level":"info","message":"sucessfully get all categories","service":"kine_milk_server","timestamp":"2025-03-05T04:44:14.171Z"}
{"level":"info","message":"sucessfully get all categories","service":"kine_milk_server","timestamp":"2025-03-05T04:44:14.220Z"}
{"level":"info","message":"sucessfully get all categories","service":"kine_milk_server","timestamp":"2025-03-05T04:44:25.641Z"}
{"level":"info","message":"sucessfully get all categories","service":"kine_milk_server","timestamp":"2025-03-05T04:44:25.693Z"}
{"level":"info","message":"sucessfully get all categories","service":"kine_milk_server","timestamp":"2025-03-05T04:44:35.634Z"}
{"level":"info","message":"sucessfully get all categories","service":"kine_milk_server","timestamp":"2025-03-05T04:44:35.670Z"}
{"level":"info","message":"sucessfully get all categories","service":"kine_milk_server","timestamp":"2025-03-05T04:44:49.061Z"}
{"level":"info","message":"sucessfully get all categories","service":"kine_milk_server","timestamp":"2025-03-05T04:44:49.118Z"}
{"level":"info","message":"sucessfully get all categories","service":"kine_milk_server","timestamp":"2025-03-05T04:45:25.502Z"}
{"level":"info","message":"sucessfully get all categories","service":"kine_milk_server","timestamp":"2025-03-05T04:45:25.550Z"}
{"level":"info","message":"sucessfully get all categories","service":"kine_milk_server","timestamp":"2025-03-05T04:45:40.581Z"}
{"level":"info","message":"sucessfully get all categories","service":"kine_milk_server","timestamp":"2025-03-05T04:45:40.628Z"}
{"level":"info","message":"sucessfully get all categories","service":"kine_milk_server","timestamp":"2025-03-05T04:46:02.767Z"}
{"level":"info","message":"sucessfully get all categories","service":"kine_milk_server","timestamp":"2025-03-05T04:46:02.811Z"}
{"level":"info","message":"sucessfully get all categories","service":"kine_milk_server","timestamp":"2025-03-05T04:46:17.806Z"}
{"level":"info","message":"sucessfully get all categories","service":"kine_milk_server","timestamp":"2025-03-05T04:46:17.851Z"}
{"level":"info","message":"sucessfully get all categories","service":"kine_milk_server","timestamp":"2025-03-05T04:57:40.614Z"}
{"level":"info","message":"sucessfully get all categories","service":"kine_milk_server","timestamp":"2025-03-05T04:57:53.686Z"}
{"level":"info","message":"sucessfully get all categories","service":"kine_milk_server","timestamp":"2025-03-05T04:59:00.549Z"}
{"level":"info","message":"sucessfully get all categories","service":"kine_milk_server","timestamp":"2025-03-05T04:59:00.598Z"}
{"level":"info","message":"sucessfully get all categories","service":"kine_milk_server","timestamp":"2025-03-05T04:59:34.492Z"}
{"level":"info","message":"sucessfully get all categories","service":"kine_milk_server","timestamp":"2025-03-05T04:59:34.534Z"}
{"level":"info","message":"sucessfully get all categories","service":"kine_milk_server","timestamp":"2025-03-05T05:00:06.929Z"}
{"level":"info","message":"sucessfully get all categories","service":"kine_milk_server","timestamp":"2025-03-05T05:00:06.980Z"}
{"level":"info","message":"sucessfully get all categories","service":"kine_milk_server","timestamp":"2025-03-05T05:02:40.759Z"}
{"level":"info","message":"sucessfully get all categories","service":"kine_milk_server","timestamp":"2025-03-05T05:02:51.712Z"}
{"level":"info","message":"sucessfully get all categories","service":"kine_milk_server","timestamp":"2025-03-05T05:02:51.737Z"}
{"level":"info","message":"sucessfully get all categories","service":"kine_milk_server","timestamp":"2025-03-05T05:05:44.694Z"}
{"level":"info","message":"sucessfully get all categories","service":"kine_milk_server","timestamp":"2025-03-05T05:23:08.655Z"}
{"level":"info","message":"sucessfully get all categories","service":"kine_milk_server","timestamp":"2025-03-05T05:23:48.585Z"}
{"level":"info","message":"sucessfully get all categories","service":"kine_milk_server","timestamp":"2025-03-05T05:44:20.666Z"}
{"level":"info","message":"sucessfully get all categories","service":"kine_milk_server","timestamp":"2025-03-05T05:44:30.513Z"}
{"level":"info","message":"sucessfully get all categories","service":"kine_milk_server","timestamp":"2025-03-05T05:44:33.510Z"}
{"level":"info","message":"sucessfully get all categories","service":"kine_milk_server","timestamp":"2025-03-05T05:49:41.659Z"}
{"level":"info","message":"sucessfully get all categories","service":"kine_milk_server","timestamp":"2025-03-05T05:50:07.672Z"}
{"level":"info","message":"sucessfully get all categories","service":"kine_milk_server","timestamp":"2025-03-05T05:50:07.705Z"}
{"level":"info","message":"sucessfully get all categories","service":"kine_milk_server","timestamp":"2025-03-05T05:50:58.940Z"}
{"level":"info","message":"sucessfully get all categories","service":"kine_milk_server","timestamp":"2025-03-05T05:50:58.988Z"}
{"level":"info","message":"sucessfully get all categories","service":"kine_milk_server","timestamp":"2025-03-05T05:51:06.000Z"}
{"level":"info","message":"sucessfully get all categories","service":"kine_milk_server","timestamp":"2025-03-05T05:51:06.028Z"}
{"level":"info","message":"Store Soft Deleted","service":"kine_milk_server","timestamp":"2025-03-05T05:51:20.686Z"}
{"level":"info","message":"Store Soft Deleted","service":"kine_milk_server","timestamp":"2025-03-05T05:51:23.225Z"}
{"level":"info","message":"Store Soft Deleted","service":"kine_milk_server","timestamp":"2025-03-05T05:51:26.587Z"}
{"level":"info","message":"Store Soft Deleted","service":"kine_milk_server","timestamp":"2025-03-05T05:51:29.863Z"}
{"level":"info","message":"Store Soft Deleted","service":"kine_milk_server","timestamp":"2025-03-05T05:51:32.549Z"}
{"level":"info","message":"Store Soft Deleted","service":"kine_milk_server","timestamp":"2025-03-05T05:51:35.218Z"}
{"level":"info","message":"Store Soft Deleted","service":"kine_milk_server","timestamp":"2025-03-05T05:51:37.934Z"}
{"level":"info","message":"Store Soft Deleted","service":"kine_milk_server","timestamp":"2025-03-05T05:51:41.121Z"}
{"level":"info","message":"Store Soft Deleted","service":"kine_milk_server","timestamp":"2025-03-05T05:51:43.393Z"}
{"level":"info","message":"Store Soft Deleted","service":"kine_milk_server","timestamp":"2025-03-05T05:51:46.017Z"}
{"level":"info","message":"Store Soft Deleted","service":"kine_milk_server","timestamp":"2025-03-05T05:51:48.827Z"}
{"level":"info","message":"Store Soft Deleted","service":"kine_milk_server","timestamp":"2025-03-05T05:51:54.222Z"}
{"level":"info","message":"sucessfully get all categories","service":"kine_milk_server","timestamp":"2025-03-05T05:52:04.743Z"}
{"level":"info","message":"sucessfully get all categories","service":"kine_milk_server","timestamp":"2025-03-05T05:52:04.788Z"}
{"level":"info","message":"sucessfully get all categories","service":"kine_milk_server","timestamp":"2025-03-05T06:00:16.985Z"}
{"level":"info","message":"sucessfully get all categories","service":"kine_milk_server","timestamp":"2025-03-05T06:00:17.028Z"}
{"level":"info","message":"sucessfully get all categories","service":"kine_milk_server","timestamp":"2025-03-05T06:01:11.457Z"}
{"level":"info","message":"sucessfully get all categories","service":"kine_milk_server","timestamp":"2025-03-05T06:01:11.513Z"}
{"level":"info","message":"sucessfully get all categories","service":"kine_milk_server","timestamp":"2025-03-05T06:01:22.636Z"}
{"level":"info","message":"sucessfully get all categories","service":"kine_milk_server","timestamp":"2025-03-05T06:01:22.665Z"}
{"level":"info","message":"sucessfully get all categories","service":"kine_milk_server","timestamp":"2025-03-05T06:01:27.646Z"}
{"level":"info","message":"sucessfully get all categories","service":"kine_milk_server","timestamp":"2025-03-05T06:01:27.708Z"}
{"level":"info","message":"sucessfully get all categories","service":"kine_milk_server","timestamp":"2025-03-05T06:01:28.775Z"}
{"level":"info","message":"sucessfully get all categories","service":"kine_milk_server","timestamp":"2025-03-05T06:01:28.804Z"}
{"level":"info","message":"sucessfully get all categories","service":"kine_milk_server","timestamp":"2025-03-05T06:01:35.711Z"}
{"level":"info","message":"sucessfully get all categories","service":"kine_milk_server","timestamp":"2025-03-05T06:01:35.741Z"}
{"level":"info","message":"sucessfully get all categories","service":"kine_milk_server","timestamp":"2025-03-05T06:01:37.781Z"}
{"level":"info","message":"sucessfully get all categories","service":"kine_milk_server","timestamp":"2025-03-05T06:01:37.806Z"}
{"level":"info","message":"sucessfully get all categories","service":"kine_milk_server","timestamp":"2025-03-05T06:02:00.651Z"}
{"level":"info","message":"sucessfully get all categories","service":"kine_milk_server","timestamp":"2025-03-05T06:02:00.678Z"}
{"level":"info","message":"sucessfully get all categories","service":"kine_milk_server","timestamp":"2025-03-05T06:02:05.596Z"}
{"level":"info","message":"sucessfully get all categories","service":"kine_milk_server","timestamp":"2025-03-05T06:02:05.621Z"}
{"level":"info","message":"sucessfully get all categories","service":"kine_milk_server","timestamp":"2025-03-05T06:04:50.626Z"}
{"level":"info","message":"sucessfully get all categories","service":"kine_milk_server","timestamp":"2025-03-05T06:04:50.657Z"}
{"level":"info","message":"sucessfully get all categories","service":"kine_milk_server","timestamp":"2025-03-05T06:05:18.928Z"}
{"level":"info","message":"sucessfully get all categories","service":"kine_milk_server","timestamp":"2025-03-05T06:05:18.974Z"}
{"level":"info","message":"sucessfully get all categories","service":"kine_milk_server","timestamp":"2025-03-05T06:06:13.669Z"}
{"level":"info","message":"sucessfully get all categories","service":"kine_milk_server","timestamp":"2025-03-05T06:06:13.697Z"}
{"level":"info","message":"sucessfully get all categories","service":"kine_milk_server","timestamp":"2025-03-05T06:06:16.511Z"}
{"level":"info","message":"sucessfully get all categories","service":"kine_milk_server","timestamp":"2025-03-05T06:06:33.997Z"}
{"level":"info","message":"sucessfully get all categories","service":"kine_milk_server","timestamp":"2025-03-05T06:06:34.040Z"}
{"level":"info","message":"sucessfully get all categories","service":"kine_milk_server","timestamp":"2025-03-05T06:06:39.319Z"}
{"level":"info","message":"sucessfully get all categories","service":"kine_milk_server","timestamp":"2025-03-05T06:06:39.345Z"}
{"level":"info","message":"sucessfully get all categories","service":"kine_milk_server","timestamp":"2025-03-05T06:06:44.197Z"}
{"level":"info","message":"sucessfully get all categories","service":"kine_milk_server","timestamp":"2025-03-05T06:06:44.224Z"}
{"level":"info","message":"sucessfully get all categories","service":"kine_milk_server","timestamp":"2025-03-05T06:07:09.664Z"}
{"level":"info","message":"sucessfully get all categories","service":"kine_milk_server","timestamp":"2025-03-05T06:07:11.534Z"}
{"level":"info","message":"sucessfully get all categories","service":"kine_milk_server","timestamp":"2025-03-05T06:07:15.514Z"}
{"level":"info","message":"sucessfully get all categories","service":"kine_milk_server","timestamp":"2025-03-05T06:07:24.488Z"}
{"level":"info","message":"sucessfully get all categories","service":"kine_milk_server","timestamp":"2025-03-05T06:07:25.503Z"}
{"level":"info","message":"sucessfully get all categories","service":"kine_milk_server","timestamp":"2025-03-05T06:07:27.495Z"}
{"level":"info","message":"sucessfully get all categories","service":"kine_milk_server","timestamp":"2025-03-05T06:07:30.497Z"}
{"level":"info","message":"sucessfully get all categories","service":"kine_milk_server","timestamp":"2025-03-05T06:07:37.502Z"}
{"level":"info","message":"sucessfully get all categories","service":"kine_milk_server","timestamp":"2025-03-05T06:07:41.261Z"}
{"level":"info","message":"sucessfully get all categories","service":"kine_milk_server","timestamp":"2025-03-05T06:07:44.299Z"}
{"level":"info","message":"sucessfully get all categories","service":"kine_milk_server","timestamp":"2025-03-05T06:07:44.326Z"}
{"level":"info","message":"sucessfully get all categories","service":"kine_milk_server","timestamp":"2025-03-05T06:07:47.934Z"}
{"level":"info","message":"sucessfully get all categories","service":"kine_milk_server","timestamp":"2025-03-05T06:07:47.960Z"}
{"level":"info","message":"sucessfully get all categories","service":"kine_milk_server","timestamp":"2025-03-05T06:08:00.540Z"}
{"level":"info","message":"sucessfully get all categories","service":"kine_milk_server","timestamp":"2025-03-05T06:08:00.590Z"}
{"level":"info","message":"sucessfully get all categories","service":"kine_milk_server","timestamp":"2025-03-05T06:09:11.651Z"}
{"level":"info","message":"sucessfully get all categories","service":"kine_milk_server","timestamp":"2025-03-05T06:09:16.170Z"}
{"level":"info","message":"sucessfully get all categories","service":"kine_milk_server","timestamp":"2025-03-05T06:09:16.199Z"}
{"level":"info","message":"sucessfully get all categories","service":"kine_milk_server","timestamp":"2025-03-05T06:11:53.661Z"}
{"level":"info","message":"sucessfully get all categories","service":"kine_milk_server","timestamp":"2025-03-05T06:11:55.521Z"}
{"level":"info","message":"sucessfully get all categories","service":"kine_milk_server","timestamp":"2025-03-05T06:13:41.521Z"}
{"level":"info","message":"sucessfully get all categories","service":"kine_milk_server","timestamp":"2025-03-05T06:13:41.560Z"}
{"level":"info","message":"sucessfully get all categories","service":"kine_milk_server","timestamp":"2025-03-05T06:16:16.981Z"}
{"level":"info","message":"sucessfully get all categories","service":"kine_milk_server","timestamp":"2025-03-05T06:16:17.027Z"}
{"level":"info","message":"sucessfully get all categories","service":"kine_milk_server","timestamp":"2025-03-05T06:17:30.219Z"}
{"level":"info","message":"sucessfully get all categories","service":"kine_milk_server","timestamp":"2025-03-05T06:19:15.267Z"}
{"level":"info","message":"sucessfully get all categories","service":"kine_milk_server","timestamp":"2025-03-05T06:19:15.292Z"}
{"level":"info","message":"sucessfully get all categories","service":"kine_milk_server","timestamp":"2025-03-05T06:22:54.617Z"}
{"level":"info","message":"sucessfully get all categories","service":"kine_milk_server","timestamp":"2025-03-05T06:22:54.659Z"}
{"level":"info","message":"sucessfully get all categories","service":"kine_milk_server","timestamp":"2025-03-05T06:26:12.409Z"}
{"level":"info","message":"sucessfully get all categories","service":"kine_milk_server","timestamp":"2025-03-05T06:29:41.594Z"}
{"level":"info","message":"sucessfully get all categories","service":"kine_milk_server","timestamp":"2025-03-05T06:34:34.674Z"}
{"level":"info","message":"sucessfully get all categories","service":"kine_milk_server","timestamp":"2025-03-05T06:34:53.589Z"}
{"level":"info","message":"sucessfully get all categories","service":"kine_milk_server","timestamp":"2025-03-05T06:34:54.519Z"}
{"level":"info","message":"sucessfully get all categories","service":"kine_milk_server","timestamp":"2025-03-05T06:35:01.092Z"}
{"level":"info","message":"sucessfully get all categories","service":"kine_milk_server","timestamp":"2025-03-05T06:37:40.668Z"}
{"level":"info","message":"sucessfully get all categories","service":"kine_milk_server","timestamp":"2025-03-05T06:37:51.794Z"}
{"level":"info","message":"sucessfully get all categories","service":"kine_milk_server","timestamp":"2025-03-05T06:37:51.820Z"}
{"level":"info","message":"sucessfully get all categories","service":"kine_milk_server","timestamp":"2025-03-05T06:37:55.528Z"}
{"level":"info","message":"sucessfully get all categories","service":"kine_milk_server","timestamp":"2025-03-05T06:37:55.558Z"}
{"level":"info","message":"sucessfully get all categories","service":"kine_milk_server","timestamp":"2025-03-05T06:38:38.644Z"}
{"level":"info","message":"sucessfully get all categories","service":"kine_milk_server","timestamp":"2025-03-05T06:44:01.811Z"}
{"level":"info","message":"sucessfully get all categories","service":"kine_milk_server","timestamp":"2025-03-05T06:44:01.835Z"}
{"level":"info","message":"sucessfully get all categories","service":"kine_milk_server","timestamp":"2025-03-05T06:47:39.591Z"}
{"level":"info","message":"sucessfully get all categories","service":"kine_milk_server","timestamp":"2025-03-05T06:47:47.509Z"}
{"level":"info","message":"sucessfully get all categories","service":"kine_milk_server","timestamp":"2025-03-05T06:48:00.613Z"}
{"level":"info","message":"sucessfully get all categories","service":"kine_milk_server","timestamp":"2025-03-05T06:48:03.511Z"}
{"level":"info","message":"sucessfully get all categories","service":"kine_milk_server","timestamp":"2025-03-05T06:48:10.503Z"}
{"level":"info","message":"sucessfully get all categories","service":"kine_milk_server","timestamp":"2025-03-05T06:51:42.600Z"}
{"level":"info","message":"sucessfully get all categories","service":"kine_milk_server","timestamp":"2025-03-05T06:51:48.288Z"}
{"level":"info","message":"sucessfully get all categories","service":"kine_milk_server","timestamp":"2025-03-05T06:51:48.330Z"}
{"level":"info","message":"sucessfully get all categories","service":"kine_milk_server","timestamp":"2025-03-05T06:51:53.868Z"}
{"level":"info","message":"sucessfully get all categories","service":"kine_milk_server","timestamp":"2025-03-05T06:51:53.911Z"}
{"level":"info","message":"sucessfully get all categories","service":"kine_milk_server","timestamp":"2025-03-05T06:54:16.609Z"}
{"level":"info","message":"sucessfully get all categories","service":"kine_milk_server","timestamp":"2025-03-05T06:54:20.500Z"}
{"level":"info","message":"sucessfully get all categories","service":"kine_milk_server","timestamp":"2025-03-05T06:54:24.522Z"}
{"level":"info","message":"sucessfully get all categories","service":"kine_milk_server","timestamp":"2025-03-05T06:54:28.494Z"}
{"level":"info","message":"sucessfully get all categories","service":"kine_milk_server","timestamp":"2025-03-05T06:54:35.503Z"}
{"level":"info","message":"sucessfully get all categories","service":"kine_milk_server","timestamp":"2025-03-05T06:54:38.498Z"}
{"level":"info","message":"sucessfully get all categories","service":"kine_milk_server","timestamp":"2025-03-05T06:54:53.487Z"}
{"level":"info","message":"sucessfully get all categories","service":"kine_milk_server","timestamp":"2025-03-05T06:54:53.531Z"}
{"level":"info","message":"sucessfully get all categories","service":"kine_milk_server","timestamp":"2025-03-05T06:59:04.544Z"}
{"level":"info","message":"sucessfully get all categories","service":"kine_milk_server","timestamp":"2025-03-05T06:59:04.612Z"}
{"level":"info","message":"sucessfully get all categories","service":"kine_milk_server","timestamp":"2025-03-05T07:00:26.990Z"}
{"level":"info","message":"sucessfully get all categories","service":"kine_milk_server","timestamp":"2025-03-05T07:00:27.021Z"}
{"level":"info","message":"sucessfully get all categories","service":"kine_milk_server","timestamp":"2025-03-05T07:00:27.563Z"}
{"level":"info","message":"sucessfully get all categories","service":"kine_milk_server","timestamp":"2025-03-05T07:20:58.764Z"}
{"level":"info","message":"sucessfully get all categories","service":"kine_milk_server","timestamp":"2025-03-05T07:20:58.813Z"}
{"level":"info","message":"Successfully fetch all Banners","service":"kine_milk_server","timestamp":"2025-03-05T07:21:53.530Z"}
{"level":"info","message":"Successfully fetch all Banners","service":"kine_milk_server","timestamp":"2025-03-05T07:21:53.573Z"}
{"level":"info","message":"sucessfully get all categories","service":"kine_milk_server","timestamp":"2025-03-05T07:21:59.008Z"}
{"level":"info","message":"sucessfully get all categories","service":"kine_milk_server","timestamp":"2025-03-05T07:21:59.038Z"}
{"level":"info","message":"successfully get all products","service":"kine_milk_server","timestamp":"2025-03-05T07:22:00.785Z"}
{"level":"info","message":"successfully get all products","service":"kine_milk_server","timestamp":"2025-03-05T07:22:00.815Z"}
{"level":"info","message":"Successfully fetch all Banners","service":"kine_milk_server","timestamp":"2025-03-05T07:22:02.870Z"}
{"level":"info","message":"Successfully fetch all Banners","service":"kine_milk_server","timestamp":"2025-03-05T07:22:02.897Z"}
{"level":"info","message":"Successfully retrieved all ProductImages","service":"kine_milk_server","timestamp":"2025-03-05T07:22:11.001Z"}
{"level":"info","message":"Successfully retrieved all ProductImages","service":"kine_milk_server","timestamp":"2025-03-05T07:22:11.031Z"}
{"level":"info","message":"Successfully fetch all Banners","service":"kine_milk_server","timestamp":"2025-03-05T07:22:32.518Z"}
{"level":"info","message":"Successfully fetch all Banners","service":"kine_milk_server","timestamp":"2025-03-05T07:22:32.576Z"}
{"level":"info","message":"successfully get all products","service":"kine_milk_server","timestamp":"2025-03-05T07:22:35.743Z"}
{"level":"info","message":"successfully get all products","service":"kine_milk_server","timestamp":"2025-03-05T07:22:35.775Z"}
{"level":"info","message":"sucessfully get all categories","service":"kine_milk_server","timestamp":"2025-03-05T07:22:38.177Z"}
{"level":"info","message":"sucessfully get all categories","service":"kine_milk_server","timestamp":"2025-03-05T07:22:38.207Z"}
{"level":"info","message":"sucessfully get all categories","service":"kine_milk_server","timestamp":"2025-03-05T07:22:44.349Z"}
{"level":"info","message":"sucessfully get all categories","service":"kine_milk_server","timestamp":"2025-03-05T07:22:44.378Z"}
{"level":"info","message":"sucessfully get all categories","service":"kine_milk_server","timestamp":"2025-03-05T07:22:48.418Z"}
{"level":"info","message":"sucessfully get all categories","service":"kine_milk_server","timestamp":"2025-03-05T07:22:48.444Z"}
{"level":"info","message":"sucessfully get all categories","service":"kine_milk_server","timestamp":"2025-03-05T07:22:51.004Z"}
{"level":"info","message":"sucessfully get all categories","service":"kine_milk_server","timestamp":"2025-03-05T07:22:51.035Z"}
{"level":"info","message":"successfully get all products","service":"kine_milk_server","timestamp":"2025-03-05T07:22:52.059Z"}
{"level":"info","message":"successfully get all products","service":"kine_milk_server","timestamp":"2025-03-05T07:22:52.089Z"}
{"level":"info","message":"successfully get all products","service":"kine_milk_server","timestamp":"2025-03-05T07:22:54.593Z"}
{"level":"info","message":"successfully get all products","service":"kine_milk_server","timestamp":"2025-03-05T07:22:54.624Z"}
{"level":"info","message":"Successfully retrieved all ProductImages","service":"kine_milk_server","timestamp":"2025-03-05T07:22:56.574Z"}
{"level":"info","message":"Successfully retrieved all ProductImages","service":"kine_milk_server","timestamp":"2025-03-05T07:22:56.605Z"}
{"level":"info","message":"Successfully retrieved all ProductImages","service":"kine_milk_server","timestamp":"2025-03-05T07:25:03.230Z"}
{"level":"info","message":"Successfully retrieved all ProductImages","service":"kine_milk_server","timestamp":"2025-03-05T07:25:03.275Z"}
{"level":"info","message":"Successfully retrieved all ProductImages","service":"kine_milk_server","timestamp":"2025-03-05T07:25:44.727Z"}
{"level":"info","message":"Successfully retrieved all ProductImages","service":"kine_milk_server","timestamp":"2025-03-05T07:25:44.757Z"}
{"level":"info","message":"Successfully retrieved all ProductImages","service":"kine_milk_server","timestamp":"2025-03-05T07:26:00.622Z"}
{"level":"info","message":"Successfully retrieved all ProductImages","service":"kine_milk_server","timestamp":"2025-03-05T07:26:00.652Z"}
{"level":"info","message":"Successfully retrieved all ProductImages","service":"kine_milk_server","timestamp":"2025-03-05T07:26:05.178Z"}
{"level":"info","message":"Successfully retrieved all ProductImages","service":"kine_milk_server","timestamp":"2025-03-05T07:26:05.204Z"}
