{"level":"error","message":"Internal Server Error","service":"kine_milk_server","timestamp":"2025-02-27T10:13:02.122Z"}
{"level":"error","message":"Internal Server Error","service":"kine_milk_server","timestamp":"2025-02-27T10:13:02.154Z"}
{"level":"error","message":"ID must be a number.","service":"kine_milk_server","timestamp":"2025-02-27T12:15:53.398Z"}
{"level":"error","message":"ID must be a number.","service":"kine_milk_server","timestamp":"2025-02-27T12:16:00.708Z"}
{"level":"error","message":"ID must be a number.","service":"kine_milk_server","timestamp":"2025-02-27T12:16:00.713Z"}
{"level":"error","message":"ID must be a number.","service":"kine_milk_server","timestamp":"2025-02-27T12:16:10.185Z"}
{"level":"error","message":"ID must be a number.","service":"kine_milk_server","timestamp":"2025-02-27T12:16:10.193Z"}
{"level":"error","message":"ID must be a number.","service":"kine_milk_server","timestamp":"2025-02-27T12:16:58.916Z"}
{"level":"error","message":"ID must be a number.","service":"kine_milk_server","timestamp":"2025-02-27T12:16:58.937Z"}
{"level":"error","message":"ID must be a number.","service":"kine_milk_server","timestamp":"2025-02-27T12:17:06.565Z"}
{"level":"error","message":"ID must be a number.","service":"kine_milk_server","timestamp":"2025-02-27T12:17:06.576Z"}
{"level":"error","message":"ID must be a number.","service":"kine_milk_server","timestamp":"2025-02-27T12:17:58.145Z"}
{"level":"error","message":"ID must be a number.","service":"kine_milk_server","timestamp":"2025-02-27T12:18:01.852Z"}
{"level":"error","message":"ID must be a number.","service":"kine_milk_server","timestamp":"2025-02-27T12:18:01.859Z"}
{"level":"error","message":"ID must be a number.","service":"kine_milk_server","timestamp":"2025-02-27T12:18:58.435Z"}
{"level":"error","message":"ID must be a number.","service":"kine_milk_server","timestamp":"2025-02-27T12:18:58.505Z"}
{"level":"error","message":"ID must be a number.","service":"kine_milk_server","timestamp":"2025-02-27T12:19:40.685Z"}
{"level":"error","message":"ID must be a number.","service":"kine_milk_server","timestamp":"2025-02-27T12:19:40.712Z"}
{"level":"error","message":"ID must be a number.","service":"kine_milk_server","timestamp":"2025-02-27T12:19:45.472Z"}
{"level":"error","message":"ID must be a number.","service":"kine_milk_server","timestamp":"2025-02-27T12:19:45.479Z"}
{"level":"error","message":"ID must be a number.","service":"kine_milk_server","timestamp":"2025-02-27T12:20:46.530Z"}
{"level":"error","message":"ID must be a number.","service":"kine_milk_server","timestamp":"2025-02-27T12:20:46.540Z"}
{"level":"error","message":"Internal Server Error","service":"kine_milk_server","timestamp":"2025-02-27T12:21:53.845Z"}
{"level":"error","message":"Internal Server Error","service":"kine_milk_server","timestamp":"2025-02-27T12:23:33.104Z"}
{"level":"error","message":"Internal Server Error","service":"kine_milk_server","timestamp":"2025-02-27T12:23:33.136Z"}
{"level":"error","message":"ID must be a number.","service":"kine_milk_server","timestamp":"2025-02-27T13:19:16.824Z"}
{"level":"error","message":"Image is required for a new coupon.","service":"kine_milk_server","timestamp":"2025-02-27T16:08:32.283Z"}
{"level":"error","message":"Image is required for a new coupon.","service":"kine_milk_server","timestamp":"2025-02-27T16:43:34.490Z"}
{"level":"error","message":"Image is required for a new coupon.","service":"kine_milk_server","timestamp":"2025-02-27T17:47:25.840Z"}
{"level":"error","message":"Image is required for a new coupon.","service":"kine_milk_server","timestamp":"2025-02-27T17:50:14.206Z"}
{"level":"error","message":"ID must be a number.","service":"kine_milk_server","timestamp":"2025-02-27T18:06:38.723Z"}
{"level":"error","message":"ID must be a number.","service":"kine_milk_server","timestamp":"2025-02-27T18:06:38.727Z"}
{"level":"error","message":"ID must be a number.","service":"kine_milk_server","timestamp":"2025-02-27T18:07:56.117Z"}
{"level":"error","message":"ID must be a number.","service":"kine_milk_server","timestamp":"2025-02-27T18:07:58.116Z"}
{"level":"error","message":"ID must be a number.","service":"kine_milk_server","timestamp":"2025-02-27T18:08:03.107Z"}
{"level":"error","message":"ID must be a number.","service":"kine_milk_server","timestamp":"2025-02-27T18:08:09.128Z"}
{"level":"error","message":"ID must be a number.","service":"kine_milk_server","timestamp":"2025-02-27T18:08:11.119Z"}
{"level":"error","message":"ID must be a number.","service":"kine_milk_server","timestamp":"2025-02-27T18:08:14.114Z"}
{"level":"error","message":"ID must be a number.","service":"kine_milk_server","timestamp":"2025-02-27T18:08:15.124Z"}
{"level":"error","message":"ID must be a number.","service":"kine_milk_server","timestamp":"2025-02-27T18:09:32.341Z"}
{"level":"error","message":"ID must be a number.","service":"kine_milk_server","timestamp":"2025-02-27T18:09:32.345Z"}
{"level":"error","message":"ID must be a number.","service":"kine_milk_server","timestamp":"2025-02-27T18:10:15.712Z"}
{"level":"error","message":"ID must be a number.","service":"kine_milk_server","timestamp":"2025-02-27T18:10:15.717Z"}
{"level":"error","message":"ID must be a number.","service":"kine_milk_server","timestamp":"2025-02-27T18:10:31.070Z"}
{"level":"error","message":"ID must be a number.","service":"kine_milk_server","timestamp":"2025-02-27T18:10:31.073Z"}
{"level":"error","message":"Internal Server Error","service":"kine_milk_server","timestamp":"2025-02-27T18:19:12.305Z"}
{"level":"error","message":"Internal Server Error","service":"kine_milk_server","timestamp":"2025-02-27T18:19:14.154Z"}
{"level":"error","message":"Internal Server Error","service":"kine_milk_server","timestamp":"2025-02-27T18:19:16.152Z"}
{"_original":{"coupon_code":"IONIDG5R","coupon_val":"50","description":"Description","expire_date":"2025-02-28","id":["2cddada9-1d6a-4ec3-a2da-f9bad8cfc16f","2cddada9-1d6a-4ec3-a2da-f9bad8cfc16f"],"min_amt":"99","status":"1","subtitle":"welcome","title":"WELCOME"},"details":[{"context":{"key":"id","label":"id","value":["2cddada9-1d6a-4ec3-a2da-f9bad8cfc16f","2cddada9-1d6a-4ec3-a2da-f9bad8cfc16f"]},"message":"\"id\" must be a string","path":["id"],"type":"string.base"}],"level":"error","message":"\"id\" must be a string","service":"kine_milk_server","stack":"ValidationError: \"id\" must be a string","timestamp":"2025-02-27T18:20:40.159Z"}
{"level":"error","message":"Internal Server Error","service":"kine_milk_server","timestamp":"2025-02-27T18:21:02.695Z"}
{"level":"error","message":"Internal Server Error","service":"kine_milk_server","timestamp":"2025-02-27T18:21:02.742Z"}
{"level":"error","message":"Internal Server Error","service":"kine_milk_server","timestamp":"2025-02-27T18:21:06.296Z"}
{"level":"error","message":"Internal Server Error","service":"kine_milk_server","timestamp":"2025-02-27T18:21:06.331Z"}
{"level":"error","message":"Internal Server Error","service":"kine_milk_server","timestamp":"2025-02-27T18:21:19.732Z"}
{"level":"error","message":"Internal Server Error","service":"kine_milk_server","timestamp":"2025-02-27T18:21:19.797Z"}
{"level":"error","message":"Internal Server Error","service":"kine_milk_server","timestamp":"2025-02-27T18:23:03.804Z"}
{"level":"error","message":"Internal Server Error","service":"kine_milk_server","timestamp":"2025-02-27T18:23:03.859Z"}
{"level":"error","message":"Internal Server Error","service":"kine_milk_server","timestamp":"2025-02-27T18:23:20.390Z"}
{"level":"error","message":"Internal Server Error","service":"kine_milk_server","timestamp":"2025-02-27T18:23:20.423Z"}
{"errors":[{"instance":{"coupon_code":"96TZS3WS","coupon_img":"https://innoitlabs.s3.ap-south-1.amazonaws.com/image/1740681133229-pexels-pixabay-459203.jpg","coupon_val":"50","createdAt":"2025-02-27T18:32:14.248Z","description":"description","expire_date":"2025-02-22T00:00:00.000Z","id":"df9ccaf1-6b89-4982-a1c1-be508ddb86c1","min_amt":"99","status":"1","subtitle":"welcome","updatedAt":"2025-02-27T18:32:14.248Z"},"message":"Coupon.coupon_title cannot be null","origin":"CORE","path":"coupon_title","type":"notNull Violation","validatorArgs":[],"validatorKey":"is_null","validatorName":null,"value":null}],"level":"error","message":"Error processing request: notNull Violation: Coupon.coupon_title cannot be null","name":"SequelizeValidationError","service":"kine_milk_server","stack":"SequelizeValidationError: notNull Violation: Coupon.coupon_title cannot be null\n    at InstanceValidator._validate (C:\\Akhil Diddi\\KINE_MILK\\Kine_milk_server\\node_modules\\sequelize\\lib\\instance-validator.js:50:13)\n    at process.processTicksAndRejections (node:internal/process/task_queues:105:5)\n    at async InstanceValidator._validateAndRunHooks (C:\\Akhil Diddi\\KINE_MILK\\Kine_milk_server\\node_modules\\sequelize\\lib\\instance-validator.js:60:7)\n    at async InstanceValidator.validate (C:\\Akhil Diddi\\KINE_MILK\\Kine_milk_server\\node_modules\\sequelize\\lib\\instance-validator.js:54:12)\n    at async model.save (C:\\Akhil Diddi\\KINE_MILK\\Kine_milk_server\\node_modules\\sequelize\\lib\\model.js:2426:7)\n    at async Coupon.create (C:\\Akhil Diddi\\KINE_MILK\\Kine_milk_server\\node_modules\\sequelize\\lib\\model.js:1362:12)\n    at async upsertCoupon (C:\\Akhil Diddi\\KINE_MILK\\Kine_milk_server\\AdminControllers\\Couppon.Controller.js:94:16)","timestamp":"2025-02-27T18:32:14.259Z"}
{"errors":[{"instance":{"coupon_code":"96TZS3WS","coupon_img":"https://innoitlabs.s3.ap-south-1.amazonaws.com/image/1740681233910-pexels-pixabay-459203.jpg","coupon_val":"50","createdAt":"2025-02-27T18:33:54.758Z","description":"description","expire_date":"2025-02-22T00:00:00.000Z","id":"cb50eee5-7939-4c9b-bece-dd81f278be9b","min_amt":"99","status":"1","subtitle":"welcome","updatedAt":"2025-02-27T18:33:54.758Z"},"message":"Coupon.coupon_title cannot be null","origin":"CORE","path":"coupon_title","type":"notNull Violation","validatorArgs":[],"validatorKey":"is_null","validatorName":null,"value":null}],"level":"error","message":"Error processing request: notNull Violation: Coupon.coupon_title cannot be null","name":"SequelizeValidationError","service":"kine_milk_server","stack":"SequelizeValidationError: notNull Violation: Coupon.coupon_title cannot be null\n    at InstanceValidator._validate (C:\\Akhil Diddi\\KINE_MILK\\Kine_milk_server\\node_modules\\sequelize\\lib\\instance-validator.js:50:13)\n    at process.processTicksAndRejections (node:internal/process/task_queues:105:5)\n    at async InstanceValidator._validateAndRunHooks (C:\\Akhil Diddi\\KINE_MILK\\Kine_milk_server\\node_modules\\sequelize\\lib\\instance-validator.js:60:7)\n    at async InstanceValidator.validate (C:\\Akhil Diddi\\KINE_MILK\\Kine_milk_server\\node_modules\\sequelize\\lib\\instance-validator.js:54:12)\n    at async model.save (C:\\Akhil Diddi\\KINE_MILK\\Kine_milk_server\\node_modules\\sequelize\\lib\\model.js:2426:7)\n    at async Coupon.create (C:\\Akhil Diddi\\KINE_MILK\\Kine_milk_server\\node_modules\\sequelize\\lib\\model.js:1362:12)\n    at async upsertCoupon (C:\\Akhil Diddi\\KINE_MILK\\Kine_milk_server\\AdminControllers\\Couppon.Controller.js:94:16)","timestamp":"2025-02-27T18:33:54.759Z"}
{"errors":[{"instance":{"coupon_code":"96TZS3WS","coupon_img":"https://innoitlabs.s3.ap-south-1.amazonaws.com/image/1740681361679-pexels-pixabay-459203.jpg","coupon_val":"50","createdAt":"2025-02-27T18:36:02.506Z","description":"description","expire_date":"2025-02-22T00:00:00.000Z","id":"5d38111e-e608-4913-8c26-b6558872c553","min_amt":"99","status":"1","subtitle":"welcome","updatedAt":"2025-02-27T18:36:02.506Z"},"message":"Coupon.coupon_title cannot be null","origin":"CORE","path":"coupon_title","type":"notNull Violation","validatorArgs":[],"validatorKey":"is_null","validatorName":null,"value":null}],"level":"error","message":"Error processing request: notNull Violation: Coupon.coupon_title cannot be null","name":"SequelizeValidationError","service":"kine_milk_server","stack":"SequelizeValidationError: notNull Violation: Coupon.coupon_title cannot be null\n    at InstanceValidator._validate (C:\\Akhil Diddi\\KINE_MILK\\Kine_milk_server\\node_modules\\sequelize\\lib\\instance-validator.js:50:13)\n    at process.processTicksAndRejections (node:internal/process/task_queues:105:5)\n    at async InstanceValidator._validateAndRunHooks (C:\\Akhil Diddi\\KINE_MILK\\Kine_milk_server\\node_modules\\sequelize\\lib\\instance-validator.js:60:7)\n    at async InstanceValidator.validate (C:\\Akhil Diddi\\KINE_MILK\\Kine_milk_server\\node_modules\\sequelize\\lib\\instance-validator.js:54:12)\n    at async model.save (C:\\Akhil Diddi\\KINE_MILK\\Kine_milk_server\\node_modules\\sequelize\\lib\\model.js:2426:7)\n    at async Coupon.create (C:\\Akhil Diddi\\KINE_MILK\\Kine_milk_server\\node_modules\\sequelize\\lib\\model.js:1362:12)\n    at async upsertCoupon (C:\\Akhil Diddi\\KINE_MILK\\Kine_milk_server\\AdminControllers\\Couppon.Controller.js:94:16)","timestamp":"2025-02-27T18:36:02.511Z"}
{"level":"error","message":"\"status\" must be a boolean","service":"kine_milk_server","timestamp":"2025-02-27T18:45:06.619Z"}
{"level":"error","message":"Internal Server Error","service":"kine_milk_server","timestamp":"2025-02-28T05:08:13.736Z"}
{"level":"error","message":"Internal Server Error","service":"kine_milk_server","timestamp":"2025-02-28T05:08:44.403Z"}
{"level":"error","message":"Internal Server Error","service":"kine_milk_server","timestamp":"2025-02-28T05:08:46.792Z"}
{"level":"error","message":"Internal Server Error","service":"kine_milk_server","timestamp":"2025-02-28T05:08:46.825Z"}
{"level":"error","message":"Validation Error: ID must be a number.","service":"kine_milk_server","timestamp":"2025-02-28T06:05:50.017Z"}
{"level":"error","message":"Validation Error: ID must be a number.","service":"kine_milk_server","timestamp":"2025-02-28T06:08:38.552Z"}
{"level":"error","message":"ProductImages not found","service":"kine_milk_server","timestamp":"2025-02-28T06:13:17.144Z"}
{"level":"error","message":"Validation Error: ID must be a number.","service":"kine_milk_server","timestamp":"2025-02-28T06:14:05.159Z"}
{"level":"error","message":"Validation Error: ID must be a number.","service":"kine_milk_server","timestamp":"2025-02-28T06:16:01.346Z"}
